<?xml version="1.0" encoding="UTF-8"?>
<!-- Generated by org.testng.reporters.JUnitReportReporter -->
<testsuite skipped="0" hostname="ip-172-31-32-197" name="com.simplilearn.webapp.test.SoftAssertWithFaceBook" tests="2" failures="0" timestamp="2021-03-10T17:05:08 UTC" time="6.741" errors="0">
  <testcase name="lauchChromeBrowser" time="4.404" classname="com.simplilearn.webapp.test.SoftAssertWithFaceBook"/>
  <system-out/>
  <testcase name="verfiyFacebookLogin" time="2.337" classname="com.simplilearn.webapp.test.SoftAssertWithFaceBook"/>
  <system-out/>
</testsuite> <!-- com.simplilearn.webapp.test.SoftAssertWithFaceBook -->
