<?xml version="1.0" encoding="UTF-8"?>
<!-- Generated by org.testng.reporters.JUnitReportReporter -->
<testsuite skipped="0" hostname="ip-172-31-32-197" name="com.simplilearn.webapp.test.AmazonHomePageTest" tests="2" failures="0" timestamp="2021-03-10T16:07:21 UTC" time="11.842" errors="0">
  <testcase name="verifyAmazonHomePageSourceURL" time="6.531" classname="com.simplilearn.webapp.test.AmazonHomePageTest"/>
  <system-out/>
  <testcase name="verifyAmazonHomePageTitle" time="5.311" classname="com.simplilearn.webapp.test.AmazonHomePageTest"/>
  <system-out/>
</testsuite> <!-- com.simplilearn.webapp.test.AmazonHomePageTest -->
