<?xml version="1.0" encoding="UTF-8"?>
<!-- Generated by org.testng.reporters.JUnitReportReporter -->
<testsuite skipped="1" hostname="ip-172-31-32-197" name="com.simplilearn.webapp.test.TestNGStandardAnnotations" tests="3" failures="0" timestamp="2021-03-10T15:54:27 UTC" time="0.017" errors="0">
  <testcase name="testOne" time="0.014" classname="com.simplilearn.webapp.test.TestNGStandardAnnotations"/>
  <system-out/>
  <testcase name="testThree" time="0.003" classname="com.simplilearn.webapp.test.TestNGStandardAnnotations"/>
  <system-out/>
  <testcase name="testTwo" classname="com.simplilearn.webapp.test.TestNGStandardAnnotations">
    <skipped/>
  </testcase> <!-- testTwo -->
  <system-out/>
</testsuite> <!-- com.simplilearn.webapp.test.TestNGStandardAnnotations -->
