<?xml version="1.0" encoding="UTF-8"?>
<!-- Generated by org.testng.reporters.JUnitReportReporter -->
<testsuite skipped="0" hostname="ip-172-31-32-197" name="com.simplilearn.webapp.test.TestNGAssertAPITest" tests="2" failures="0" timestamp="2021-03-10T16:55:21 UTC" time="0.026" errors="0">
  <testcase name="hardAssertTest" time="0.018" classname="com.simplilearn.webapp.test.TestNGAssertAPITest"/>
  <system-out/>
  <testcase name="softAssertTest" time="0.008" classname="com.simplilearn.webapp.test.TestNGAssertAPITest"/>
  <system-out/>
</testsuite> <!-- com.simplilearn.webapp.test.TestNGAssertAPITest -->
